<?xml version="1.0" encoding="UTF-8"?>
<testng-results skipped="0" failed="0" ignored="0" total="1" passed="1">
  <reporter-output>
  </reporter-output>
  <suite name="Command line suite" duration-ms="99" started-at="2019-10-28T21:49:43 IST" finished-at="2019-10-28T21:49:43 IST">
    <groups>
    </groups>
    <test name="Command line test" duration-ms="99" started-at="2019-10-28T21:49:43 IST" finished-at="2019-10-28T21:49:43 IST">
      <class name="com.qa.tests.LoginTest">
        <test-method status="PASS" signature="test1()[pri:0, instance:com.qa.tests.LoginTest@4c70fda8]" name="test1" duration-ms="16" started-at="2019-10-28T21:49:43 IST" finished-at="2019-10-28T21:49:43 IST">
          <reporter-output>
          </reporter-output>
        </test-method> <!-- test1 -->
      </class> <!-- com.qa.tests.LoginTest -->
    </test> <!-- Command line test -->
  </suite> <!-- Command line suite -->
</testng-results>
